Determining if the include file pthread.h exists failed with the following output:
Change Dir: D:/Games/cp77modding/cpmpvoice/cmake-build-debug/CMakeFiles/CMakeTmp

Run Build Command(s):D:/Programs/CLION2~2.2/bin/ninja/win/ninja.exe cmTC_af1af && [1/2] Building C object CMakeFiles\cmTC_af1af.dir\CheckIncludeFile.c.obj
[31mFAILED: [0mCMakeFiles/cmTC_af1af.dir/CheckIncludeFile.c.obj 
C:\PROGRA~1\MIB055~1\2022\COMMUN~1\VC\Tools\MSVC\1430~1.307\bin\Hostx86\x86\cl.exe  /nologo   /DWIN32 /D_WINDOWS  /Zi /Ob0 /Od /RTC1 -MDd /showIncludes /FoCMakeFiles\cmTC_af1af.dir\CheckIncludeFile.c.obj /FdCMakeFiles\cmTC_af1af.dir\ /FS -c D:\Games\cp77modding\cpmpvoice\cmake-build-debug\CMakeFiles\CMakeTmp\CheckIncludeFile.c
D:\Games\cp77modding\cpmpvoice\cmake-build-debug\CMakeFiles\CMakeTmp\CheckIncludeFile.c(1): fatal error C1083: Cannot open include file: 'pthread.h': No such file or directory
ninja: build stopped: subcommand failed.



Determining if the include file regex.h exists failed with the following output:
Change Dir: D:/Games/cp77modding/cpmpvoice/cmake-build-debug/CMakeFiles/CMakeTmp

Run Build Command(s):D:/Programs/CLion 2021.3.2/bin/ninja/win/ninja.exe cmTC_26d43 && [1/2] Building C object CMakeFiles\cmTC_26d43.dir\CheckIncludeFile.c.obj
FAILED: CMakeFiles/cmTC_26d43.dir/CheckIncludeFile.c.obj 
C:\PROGRA~1\MIB055~1\2022\COMMUN~1\VC\Tools\MSVC\1430~1.307\bin\Hostx86\x86\cl.exe  /nologo   /DWIN32 /D_WINDOWS  /Zi /Ob0 /Od /RTC1 -MDd /showIncludes /FoCMakeFiles\cmTC_26d43.dir\CheckIncludeFile.c.obj /FdCMakeFiles\cmTC_26d43.dir\ /FS -c D:\Games\cp77modding\cpmpvoice\cmake-build-debug\CMakeFiles\CMakeTmp\CheckIncludeFile.c
D:\Games\cp77modding\cpmpvoice\cmake-build-debug\CMakeFiles\CMakeTmp\CheckIncludeFile.c(1): fatal error C1083: Cannot open include file: 'regex.h': No such file or directory
ninja: build stopped: subcommand failed.



